current directory: /Users/sinadumi/workspace/Books_App/Book_App/vender/bundle/gems/puma-3.12.0/ext/puma_http11
/usr/local/opt/ruby/bin/ruby -r ./siteconf20181223-10539-15mll9l.rb extconf.rb
checking for BIO_read() in -lcrypto... yes
checking for SSL_CTX_new() in -lssl... yes
checking for openssl/bio.h... yes
creating Makefile

To see why this extension failed to compile, please check the mkmf.log which can be found here:

  /Users/sinadumi/workspace/Books_App/Book_App/vender/bundle/extensions/x86_64-darwin-14/2.3.0/puma-3.12.0/mkmf.log

current directory: /Users/sinadumi/workspace/Books_App/Book_App/vender/bundle/gems/puma-3.12.0/ext/puma_http11
make "DESTDIR=" clean

current directory: /Users/sinadumi/workspace/Books_App/Book_App/vender/bundle/gems/puma-3.12.0/ext/puma_http11
make "DESTDIR="
compiling io_buffer.c
compiling mini_ssl.c
compiling puma_http11.c
compiling http11_parser.c
ext/puma_http11/http11_parser.c:44:18: warning: unused variable 'puma_parser_en_main' [-Wunused-const-variable]
static const int puma_parser_en_main = 1;
                 ^
1 warning generated.
linking shared-object puma/puma_http11.bundle

current directory: /Users/sinadumi/workspace/Books_App/Book_App/vender/bundle/gems/puma-3.12.0/ext/puma_http11
make "DESTDIR=" install
/usr/bin/install -c -m 0755 puma_http11.bundle ./.gem.20181223-10539-1whfmhr/puma
